d:\c++\finalproject_app\finalproject_app\debug\vc120.pdb
d:\c++\finalproject_app\finalproject_app\debug\vc120.idb
d:\c++\finalproject_app\finalproject_app\debug\collegeprogram_imp.obj
d:\c++\finalproject_app\finalproject_app\debug\collegeprogram_app.obj
c:\users\aurash\desktop\c++\finalproject_app\finalproject_app\debug\vc120.pdb
c:\users\aurash\desktop\c++\finalproject_app\finalproject_app\debug\vc120.idb
c:\users\aurash\desktop\c++\finalproject_app\finalproject_app\debug\collegeprogram_app.obj
c:\users\aurash\desktop\c++\finalproject_app\finalproject_app\debug\collegeprogram_imp.obj
c:\users\aurash\desktop\c++\finalproject_app\debug\finalproject.ilk
c:\users\aurash\desktop\c++\finalproject_app\debug\finalproject.exe
c:\users\aurash\desktop\c++\finalproject_app\debug\finalproject.pdb
d:\c++\finalproject_app\debug\finalproject.ilk
d:\c++\finalproject_app\debug\finalproject.exe
d:\c++\finalproject_app\debug\finalproject.pdb
d:\c++\finalproject_app\finalproject_app\debug\finalproject.tlog\cl.command.1.tlog
d:\c++\finalproject_app\finalproject_app\debug\finalproject.tlog\cl.read.1.tlog
d:\c++\finalproject_app\finalproject_app\debug\finalproject.tlog\cl.write.1.tlog
d:\c++\finalproject_app\finalproject_app\debug\finalproject.tlog\link.command.1.tlog
d:\c++\finalproject_app\finalproject_app\debug\finalproject.tlog\link.read.1.tlog
d:\c++\finalproject_app\finalproject_app\debug\finalproject.tlog\link.write.1.tlog
